[demo.goodlayers.com/thekeynote/index.html]
[backblue.gif]
[fade.gif]
[index.html]
[demo.goodlayers.com/thekeynote/index.html]
[demo.goodlayers.com/thekeynote/xmlrpc.php]
[a6e8z9v6.stackpathcdn.com/thekeynote/wp-content/cache/min/1/e3ecd7bc08bb565ecb703db4fda76912.css]
[a6e8z9v6.stackpathcdn.com/thekeynote/wp-content/plugins/anti-spam/assets/img/titan-icon.png]
[a6e8z9v6.stackpathcdn.com/thekeynote/wp-content/themes/thekeynote/images/page-title-background.jpg]
[a6e8z9v6.stackpathcdn.com/thekeynote/wp-content/themes/thekeynote/images/light/icon-search.png]
[a6e8z9v6.stackpathcdn.com/thekeynote/wp-content/themes/thekeynote/images/portfolio-icon-overlay.png]
[a6e8z9v6.stackpathcdn.com/thekeynote/wp-content/themes/thekeynote/images/dark/quote-small.png]
[a6e8z9v6.stackpathcdn.com/thekeynote/wp-content/themes/thekeynote/images/master-slider-left.png]
[a6e8z9v6.stackpathcdn.com/thekeynote/wp-content/themes/thekeynote/images/master-slider-right.png]
[a6e8z9v6.stackpathcdn.com/thekeynote/wp-content/themes/thekeynote/images/light/price-tag-shadow.png]
[a6e8z9v6.stackpathcdn.com/thekeynote/wp-content/themes/thekeynote/images/port-loader.gif]
[a6e8z9v6.stackpathcdn.com/thekeynote/wp-content/themes/thekeynote/images/single-port-close.png]
[a6e8z9v6.stackpathcdn.com/thekeynote/wp-content/themes/thekeynote/images/dark/now-loading.gif]
[a6e8z9v6.stackpathcdn.com/thekeynote/wp-content/themes/thekeynote/images/dark/quote.png]
[a6e8z9v6.stackpathcdn.com/thekeynote/wp-content/themes/thekeynote/images/paypal-loader.gif]
[a6e8z9v6.stackpathcdn.com/thekeynote/wp-content/themes/thekeynote/images/dark/icon-search.png]
[a6e8z9v6.stackpathcdn.com/thekeynote/wp-content/themes/thekeynote/images/dark/quote@2x.png]
[a6e8z9v6.stackpathcdn.com/thekeynote/wp-content/themes/thekeynote/images/dark/icon-search@2x.png]
[a6e8z9v6.stackpathcdn.com/thekeynote/wp-content/themes/thekeynote/images/light/icon-search@2x.png]
[a6e8z9v6.stackpathcdn.com/thekeynote/wp-content/themes/thekeynote/plugins/fancybox/fancybox_sprite.png]
[a6e8z9v6.stackpathcdn.com/thekeynote/wp-content/themes/thekeynote/plugins/fancybox/fancybox_loading.gif]
[a6e8z9v6.stackpathcdn.com/thekeynote/wp-content/themes/thekeynote/plugins/fancybox/blank.gif]
[a6e8z9v6.stackpathcdn.com/thekeynote/wp-content/themes/thekeynote/plugins/fancybox/fancybox_overlay.png]
[a6e8z9v6.stackpathcdn.com/thekeynote/wp-content/themes/thekeynote/plugins/fancybox/fancybox_sprite@2x.png]
[a6e8z9v6.stackpathcdn.com/thekeynote/wp-content/themes/thekeynote/plugins/fancybox/fancybox_loading@2x.gif]
[a6e8z9v6.stackpathcdn.com/thekeynote/wp-content/uploads/2014/12/page-title-background.jpg]
[a6e8z9v6.stackpathcdn.com/thekeynote/wp-content/plugins/masterslider/public/assets/css/common/loading-2.gif]
[a6e8z9v6.stackpathcdn.com/thekeynote/wp-content/plugins/masterslider/public/assets/css/common/grab.png]
[a6e8z9v6.stackpathcdn.com/thekeynote/wp-content/plugins/masterslider/public/assets/css/common/grabbing.png]
[a6e8z9v6.stackpathcdn.com/thekeynote/wp-content/cache/min/1/e3ecd7bc08bb565ecb703db4fda76912.css]
